<?xml version="1.0" encoding="UTF-8" ?>
<testsuites>
  <testsuite errors="0" failures="0" hostname="kali" id="0" name="PileTest" package="test.model" skipped="0" tests="5" time="0.206" timestamp="2020-06-13T16:01:33">
      <properties>
[...]
</properties>

      <testcase classname="test.model.PileTest" name="testSommetPileVide" time="0.003" />

      <testcase classname="test.model.PileTest" name="testPile" time="0.0" />

      <testcase classname="test.model.PileTest" name="testVide" time="0.001" />

      <testcase classname="test.model.PileTest" name="testSommetEmpiler" time="0.0" />

      <testcase classname="test.model.PileTest" name="testSommet" time="0.0" />

      <system-out><![CDATA[]]></system-out>

      <system-err><![CDATA[]]></system-err>

  </testsuite>
  <testsuite errors="0" failures="1" hostname="kali" id="1" name="TestComputer" package="test.model" skipped="0" tests="4" time="0.264" timestamp="2020-06-13T16:01:34">
      <properties>
[...]
</properties>

      <testcase classname="test.model.TestComputer" name="testToString" time="0.063">
          <failure message="expected:&lt;Computer&#xa;Name [=] Bot1&gt; but was:&lt;Computer&#xa;Name [:] Bot1&gt;" type="junit.framework.AssertionFailedError">junit.framework.AssertionFailedError: expected:&lt;Computer
Name [=] Bot1&gt; but was:&lt;Computer
Name [:] Bot1&gt;
	at test.model.TestComputer.testToString(Unknown Source)
	at java.base/jdk.internal.reflect.NativeMethodAccessorImpl.invoke0(Native Method)
	at java.base/jdk.internal.reflect.NativeMethodAccessorImpl.invoke(NativeMethodAccessorImpl.java:62)
	at java.base/jdk.internal.reflect.DelegatingMethodAccessorImpl.invoke(DelegatingMethodAccessorImpl.java:43)
</failure>

      </testcase>

      <testcase classname="test.model.TestComputer" name="testGetDifficulty" time="0.001" />

      <testcase classname="test.model.TestComputer" name="testGetName" time="0.001" />

      <testcase classname="test.model.TestComputer" name="testExists" time="0.0" />

      <system-out><![CDATA[]]></system-out>

      <system-err><![CDATA[]]></system-err>

  </testsuite>
  <testsuite errors="0" failures="3" hostname="kali" id="2" name="TestGame" package="test.model" skipped="0" tests="6" time="0.415" timestamp="2020-06-13T16:01:35">
      <properties>
[...]
</properties>

      <testcase classname="test.model.TestGame" name="testIsMovePossible" time="0.115">
          <failure message="expected:&lt;x : 0 y : 5 color : WHITE&gt; but was:&lt;true&gt;" type="junit.framework.AssertionFailedError">junit.framework.AssertionFailedError: expected:&lt;x : 0 y : 5 color : WHITE&gt; but was:&lt;true&gt;
	at test.model.TestGame.testIsMovePossible(Unknown Source)
	at java.base/jdk.internal.reflect.NativeMethodAccessorImpl.invoke0(Native Method)
	at java.base/jdk.internal.reflect.NativeMethodAccessorImpl.invoke(NativeMethodAccessorImpl.java:62)
	at java.base/jdk.internal.reflect.DelegatingMethodAccessorImpl.invoke(DelegatingMethodAccessorImpl.java:43)
</failure>

      </testcase>

      <testcase classname="test.model.TestGame" name="testGetPawnOnSquare" time="0.007" />

      <testcase classname="test.model.TestGame" name="testRemovePawn" time="0.007">
          <failure message="expected:&lt;true&gt; but was:&lt;false&gt;" type="junit.framework.AssertionFailedError">junit.framework.AssertionFailedError: expected:&lt;true&gt; but was:&lt;false&gt;
	at test.model.TestGame.testRemovePawn(Unknown Source)
	at java.base/jdk.internal.reflect.NativeMethodAccessorImpl.invoke0(Native Method)
	at java.base/jdk.internal.reflect.NativeMethodAccessorImpl.invoke(NativeMethodAccessorImpl.java:62)
	at java.base/jdk.internal.reflect.DelegatingMethodAccessorImpl.invoke(DelegatingMethodAccessorImpl.java:43)
</failure>

      </testcase>

      <testcase classname="test.model.TestGame" name="testChangePlayer" time="0.013">
          <failure message="expected:&lt;Human&#xa;Name : Fred&gt; but was:&lt;Human&#xa;Name : George&gt;" type="junit.framework.AssertionFailedError">junit.framework.AssertionFailedError: expected:&lt;Human
Name : Fred&gt; but was:&lt;Human
Name : George&gt;
	at test.model.TestGame.testChangePlayer(Unknown Source)
	at java.base/jdk.internal.reflect.NativeMethodAccessorImpl.invoke0(Native Method)
	at java.base/jdk.internal.reflect.NativeMethodAccessorImpl.invoke(NativeMethodAccessorImpl.java:62)
	at java.base/jdk.internal.reflect.DelegatingMethodAccessorImpl.invoke(DelegatingMethodAccessorImpl.java:43)
</failure>

      </testcase>

      <testcase classname="test.model.TestGame" name="testExists" time="0.006" />

      <testcase classname="test.model.TestGame" name="testSizeGrid" time="0.002" />

      <system-out><![CDATA[  | 0   1   2   3   4   5   6   7   8   9   10
----------------------------------------------
0 | X   .   .   .   .   O   .   .   .   .   O   
  |
1 | .   .   .   .   X   .   X   .   .   .   .   
  |
2 | .   .   .   O   .   .   .   O   .   .   .   
  |
3 | .   .   X   .   .   .   .   .   X   .   .   
  |
4 | .   O   .   .   .   .   .   .   .   O   .   
  |
5 | X   .   .   .   .   Z   .   .   .   .   X   
  |
6 | .   O   .   .   .   .   .   .   .   O   .   
  |
7 | .   .   X   .   .   .   .   .   X   .   .   
  |
8 | .   .   .   O   .   .   .   O   .   .   .   
  |
9 | .   .   .   .   X   .   X   .   .   .   .   
  |
10| O   .   .   .   .   O   .   .   .   .   X   
  | 0   1   2   3   4   5   6   7   8   9   10
----------------------------------------------
0 | X   .   .   .   .   O   .   .   .   .   O   
  |
1 | .   .   .   .   X   .   X   .   .   .   .   
  |
2 | .   .   .   O   .   .   .   O   .   .   .   
  |
3 | .   .   X   .   .   .   .   .   X   .   .   
  |
4 | .   O   .   .   .   .   .   .   .   O   .   
  |
5 | X   .   .   .   .   Z   .   .   .   .   X   
  |
6 | .   O   .   .   .   .   .   .   .   O   .   
  |
7 | .   .   X   .   .   .   .   .   X   .   .   
  |
8 | .   .   .   O   .   .   .   O   .   .   .   
  |
9 | .   .   .   .   X   .   X   .   .   .   .   
  |
10| O   .   .   .   .   O   .   .   .   .   X   
  | 0   1   2   3   4   5   6   7   8   9   10
----------------------------------------------
0 | X   .   .   .   .   O   .   .   .   .   O   
  |
1 | .   .   .   .   X   .   X   .   .   .   .   
  |
2 | .   .   .   O   .   .   .   O   .   .   .   
  |
3 | .   .   X   .   .   .   .   .   X   .   .   
  |
4 | .   O   .   .   .   .   .   .   .   O   .   
  |
5 | X   .   .   .   .   Z   .   .   .   .   X   
  |
6 | .   O   .   .   .   .   .   .   .   O   .   
  |
7 | .   .   X   .   .   .   .   .   X   .   .   
  |
8 | .   .   .   O   .   .   .   O   .   .   .   
  |
9 | .   .   .   .   X   .   X   .   .   .   .   
  |
10| O   .   .   .   .   O   .   .   .   .   X   
  | 0   1   2   3   4   5   6   7   8   9   10
----------------------------------------------
0 | X   .   .   .   .   O   .   .   .   .   O   
  |
1 | .   .   .   .   X   .   X   .   .   .   .   
  |
2 | .   .   .   O   .   .   .   O   .   .   .   
  |
3 | .   .   X   .   .   .   .   .   X   .   .   
  |
4 | .   O   .   .   .   .   .   .   .   O   .   
  |
5 | X   .   .   .   .   Z   .   .   .   .   X   
  |
6 | .   O   .   .   .   .   .   .   .   O   .   
  |
7 | .   .   X   .   .   .   .   .   X   .   .   
  |
8 | .   .   .   O   .   .   .   O   .   .   .   
  |
9 | .   .   .   .   X   .   X   .   .   .   .   
  |
10| O   .   .   .   .   O   .   .   .   .   X   
  | 0   1   2   3   4   5   6   7   8   9   10
----------------------------------------------
0 | X   .   .   .   .   O   .   .   .   .   O   
  |
1 | .   .   .   .   X   .   X   .   .   .   .   
  |
2 | .   .   .   O   .   .   .   O   .   .   .   
  |
3 | .   .   X   .   .   .   .   .   X   .   .   
  |
4 | .   O   .   .   .   .   .   .   .   O   .   
  |
5 | X   .   .   .   .   Z   .   .   .   .   X   
  |
6 | .   O   .   .   .   .   .   .   .   O   .   
  |
7 | .   .   X   .   .   .   .   .   X   .   .   
  |
8 | .   .   .   O   .   .   .   O   .   .   .   
  |
9 | .   .   .   .   X   .   X   .   .   .   .   
  |
10| O   .   .   .   .   O   .   .   .   .   X   
  | 0   1   2   3   4   5   6   7   8   9   10
----------------------------------------------
0 | X   .   .   .   .   O   .   .   .   .   O   
  |
1 | .   .   .   .   X   .   X   .   .   .   .   
  |
2 | .   .   .   O   .   .   .   O   .   .   .   
  |
3 | .   .   X   .   .   .   .   .   X   .   .   
  |
4 | .   O   .   .   .   .   .   .   .   O   .   
  |
5 | X   .   .   .   .   Z   .   .   .   .   X   
  |
6 | .   O   .   .   .   .   .   .   .   O   .   
  |
7 | .   .   X   .   .   .   .   .   X   .   .   
  |
8 | .   .   .   O   .   .   .   O   .   .   .   
  |
9 | .   .   .   .   X   .   X   .   .   .   .   
  |
10| O   .   .   .   .   O   .   .   .   .   X   
  | 0   1   2   3   4   5   6   7   8   9   10
----------------------------------------------
0 | X   .   .   .   .   O   .   .   .   .   O   
  |
1 | .   .   .   .   X   .   X   .   .   .   .   
  |
2 | .   .   .   O   .   .   .   O   .   .   .   
  |
3 | .   .   X   .   .   .   .   .   X   .   .   
  |
4 | .   O   .   .   .   .   .   .   .   O   .   
  |
5 | X   .   .   .   .   Z   .   .   .   .   X   
  |
6 | .   O   .   .   .   .   .   .   .   O   .   
  |
7 | .   .   X   .   .   .   .   .   X   .   .   
  |
8 | .   .   .   O   .   .   .   O   .   .   .   
  |
9 | .   .   .   .   X   .   X   .   .   .   .   
  |
10| O   .   .   .   .   O   .   .   .   .   X   
]]></system-out>

      <system-err><![CDATA[]]></system-err>

  </testsuite>
  <testsuite errors="0" failures="1" hostname="kali" id="3" name="TestGameConfig" package="test.model" skipped="0" tests="1" time="14.273" timestamp="2020-06-13T16:01:36">
      <properties>
[...]
</properties>

      <testcase classname="test.model.TestGameConfig" name="testPickStartPlayer" time="14.048">
          <failure message="expected:&lt;true&gt; but was:&lt;false&gt;" type="junit.framework.AssertionFailedError">junit.framework.AssertionFailedError: expected:&lt;true&gt; but was:&lt;false&gt;
	at test.model.TestGameConfig.testPickStartPlayer(Unknown Source)
	at java.base/jdk.internal.reflect.NativeMethodAccessorImpl.invoke0(Native Method)
	at java.base/jdk.internal.reflect.NativeMethodAccessorImpl.invoke(NativeMethodAccessorImpl.java:62)
	at java.base/jdk.internal.reflect.DelegatingMethodAccessorImpl.invoke(DelegatingMethodAccessorImpl.java:43)
</failure>

      </testcase>

      <system-out><![CDATA[
███████╗███████╗███╗   ██╗        ██╗     ██╗ ██╗███╗   ██╗██╗████████╗██╗███████╗
╚══███╔╝██╔════╝████╗  ██║        ██║     ██║ ██║████╗  ██║██║╚══██╔══╝██║██╔════╝
  ███╔╝ █████╗  ██╔██╗ ██║        ██║     ╚═╝ ██║██╔██╗ ██║██║   ██║   ██║█████╗  
 ███╔╝  ██╔══╝  ██║╚██╗██║        ██║         ██║██║╚██╗██║██║   ██║   ██║██╔══╝  
███████╗███████╗██║ ╚████║        ███████╗    ██║██║ ╚████║██║   ██║   ██║███████╗
╚══════╝╚══════╝╚═╝  ╚═══╝        ╚══════╝    ╚═╝╚═╝  ╚═══╝╚═╝   ╚═╝   ╚═╝╚══════╝

  | 0   1   2   3   4   5   6   7   8   9   10
----------------------------------------------
0 | X   .   .   .   .   O   .   .   .   .   O   
  |
1 | .   .   .   .   X   .   X   .   .   .   .   
  |
2 | .   .   .   O   .   .   .   O   .   .   .   
  |
3 | .   .   X   .   .   .   .   .   X   .   .   
  |
4 | .   O   .   .   .   .   .   .   .   O   .   
  |
5 | X   .   .   .   .   Z   .   .   .   .   X   
  |
6 | .   O   .   .   .   .   .   .   .   O   .   
  |
7 | .   .   X   .   .   .   .   .   X   .   .   
  |
8 | .   .   .   O   .   .   .   O   .   .   .   
  |
9 | .   .   .   .   X   .   X   .   .   .   .   
  |
10| O   .   .   .   .   O   .   .   .   .   X   
_____________________________________
|     Welcome to Zen l'Initie !      \
|  ---------------------------------
| Player 1 : leo
| Player 2 : bot Albert
| Game mode : HA
| Bot Difficulty : RANDOM
|____________________________________/
]]></system-out>

      <system-err><![CDATA[]]></system-err>

  </testsuite>
  <testsuite errors="0" failures="1" hostname="kali" id="4" name="TestHuman" package="test.model" skipped="0" tests="3" time="0.209" timestamp="2020-06-13T16:01:50">
      <properties>
[...]
</properties>

      <testcase classname="test.model.TestHuman" name="testToString" time="0.031">
          <failure message="expected:&lt;Human&#xa;Name [=] Player1&gt; but was:&lt;Human&#xa;Name [:] Player1&gt;" type="junit.framework.AssertionFailedError">junit.framework.AssertionFailedError: expected:&lt;Human
Name [=] Player1&gt; but was:&lt;Human
Name [:] Player1&gt;
	at test.model.TestHuman.testToString(Unknown Source)
	at java.base/jdk.internal.reflect.NativeMethodAccessorImpl.invoke0(Native Method)
	at java.base/jdk.internal.reflect.NativeMethodAccessorImpl.invoke(NativeMethodAccessorImpl.java:62)
	at java.base/jdk.internal.reflect.DelegatingMethodAccessorImpl.invoke(DelegatingMethodAccessorImpl.java:43)
</failure>

      </testcase>

      <testcase classname="test.model.TestHuman" name="testGetName" time="0.001" />

      <testcase classname="test.model.TestHuman" name="testExists" time="0.0" />

      <system-out><![CDATA[]]></system-out>

      <system-err><![CDATA[]]></system-err>

  </testsuite>
  <testsuite errors="0" failures="3" hostname="kali" id="5" name="TestSquare" package="test.model" skipped="0" tests="5" time="0.21" timestamp="2020-06-13T16:01:51">
      <properties>
[...]
</properties>

      <testcase classname="test.model.TestSquare" name="testToString" time="0.025">
          <failure message="expected:&lt;[X = 2&#xa;Y = 5&#xa;Free = fals]e&gt; but was:&lt;[x : 2y : 5is free : tru]e&gt;" type="junit.framework.AssertionFailedError">junit.framework.AssertionFailedError: expected:&lt;[X = 2
Y = 5
Free = fals]e&gt; but was:&lt;[x : 2y : 5is free : tru]e&gt;
	at test.model.TestSquare.testToString(Unknown Source)
	at java.base/jdk.internal.reflect.NativeMethodAccessorImpl.invoke0(Native Method)
	at java.base/jdk.internal.reflect.NativeMethodAccessorImpl.invoke(NativeMethodAccessorImpl.java:62)
	at java.base/jdk.internal.reflect.DelegatingMethodAccessorImpl.invoke(DelegatingMethodAccessorImpl.java:43)
</failure>

      </testcase>

      <testcase classname="test.model.TestSquare" name="testExists" time="0.0" />

      <testcase classname="test.model.TestSquare" name="testIsFree" time="0.002">
          <failure message="expected:&lt;false&gt; but was:&lt;true&gt;" type="junit.framework.AssertionFailedError">junit.framework.AssertionFailedError: expected:&lt;false&gt; but was:&lt;true&gt;
	at test.model.TestSquare.testIsFree(Unknown Source)
	at java.base/jdk.internal.reflect.NativeMethodAccessorImpl.invoke0(Native Method)
	at java.base/jdk.internal.reflect.NativeMethodAccessorImpl.invoke(NativeMethodAccessorImpl.java:62)
	at java.base/jdk.internal.reflect.DelegatingMethodAccessorImpl.invoke(DelegatingMethodAccessorImpl.java:43)
</failure>

      </testcase>

      <testcase classname="test.model.TestSquare" name="testCoordinateGetters" time="0.0" />

      <testcase classname="test.model.TestSquare" name="testChangeState" time="0.001">
          <failure message="expected:&lt;false&gt; but was:&lt;true&gt;" type="junit.framework.AssertionFailedError">junit.framework.AssertionFailedError: expected:&lt;false&gt; but was:&lt;true&gt;
	at test.model.TestSquare.testChangeState(Unknown Source)
	at java.base/jdk.internal.reflect.NativeMethodAccessorImpl.invoke0(Native Method)
	at java.base/jdk.internal.reflect.NativeMethodAccessorImpl.invoke(NativeMethodAccessorImpl.java:62)
	at java.base/jdk.internal.reflect.DelegatingMethodAccessorImpl.invoke(DelegatingMethodAccessorImpl.java:43)
</failure>

      </testcase>

      <system-out><![CDATA[]]></system-out>

      <system-err><![CDATA[]]></system-err>

  </testsuite>
  <testsuite errors="1" failures="0" hostname="kali" id="6" name="testPawn" package="test.model" skipped="0" tests="1" time="0.0" timestamp="2020-06-13T16:01:51">
      <properties>
[...]
</properties>

      <error message="test.model.testPawn" type="java.lang.ClassNotFoundException">java.lang.ClassNotFoundException: test.model.testPawn
	at java.base/jdk.internal.loader.BuiltinClassLoader.loadClass(BuiltinClassLoader.java:581)
	at java.base/jdk.internal.loader.ClassLoaders$AppClassLoader.loadClass(ClassLoaders.java:178)
	at java.base/java.lang.ClassLoader.loadClass(ClassLoader.java:522)
	at java.base/java.lang.Class.forName0(Native Method)
	at java.base/java.lang.Class.forName(Class.java:398)
</error>

      <system-out><![CDATA[]]></system-out>

      <system-err><![CDATA[]]></system-err>

  </testsuite>
  <testsuite errors="0" failures="1" hostname="kali" id="7" name="TestSave" package="test.util" skipped="0" tests="1" time="0.341" timestamp="2020-06-13T16:01:52">
      <properties>
[...]
</properties>

      <testcase classname="test.util.TestSave" name="testSaveLoad" time="0.089">
          <failure message="expected:&lt;model.Game@1810399e&gt; but was:&lt;model.Game@32d992b2&gt;" type="junit.framework.AssertionFailedError">junit.framework.AssertionFailedError: expected:&lt;model.Game@1810399e&gt; but was:&lt;model.Game@32d992b2&gt;
	at test.util.TestSave.testSaveLoad(Unknown Source)
	at java.base/jdk.internal.reflect.NativeMethodAccessorImpl.invoke0(Native Method)
	at java.base/jdk.internal.reflect.NativeMethodAccessorImpl.invoke(NativeMethodAccessorImpl.java:62)
	at java.base/jdk.internal.reflect.DelegatingMethodAccessorImpl.invoke(DelegatingMethodAccessorImpl.java:43)
</failure>

      </testcase>

      <system-out><![CDATA[  | 0   1   2   3   4   5   6   7   8   9   10
----------------------------------------------
0 | X   .   .   .   .   O   .   .   .   .   O   
  |
1 | .   .   .   .   X   .   X   .   .   .   .   
  |
2 | .   .   .   O   .   .   .   O   .   .   .   
  |
3 | .   .   X   .   .   .   .   .   X   .   .   
  |
4 | .   O   .   .   .   .   .   .   .   O   .   
  |
5 | X   .   .   .   .   Z   .   .   .   .   X   
  |
6 | .   O   .   .   .   .   .   .   .   O   .   
  |
7 | .   .   X   .   .   .   .   .   X   .   .   
  |
8 | .   .   .   O   .   .   .   O   .   .   .   
  |
9 | .   .   .   .   X   .   X   .   .   .   .   
  |
10| O   .   .   .   .   O   .   .   .   .   X   
saving...
Done
]]></system-out>

      <system-err><![CDATA[java.io.FileNotFoundException: ../data/saves/./saves/game1 (No such file or directory)
	at java.base/java.io.FileOutputStream.open0(Native Method)
	at java.base/java.io.FileOutputStream.open(FileOutputStream.java:298)
	at java.base/java.io.FileOutputStream.<init>(FileOutputStream.java:237)
	at java.base/java.io.FileOutputStream.<init>(FileOutputStream.java:126)
	at util.Save.writeSave(Unknown Source)
	at test.util.TestSave.testSaveLoad(Unknown Source)
	at java.base/jdk.internal.reflect.NativeMethodAccessorImpl.invoke0(Native Method)
	at java.base/jdk.internal.reflect.NativeMethodAccessorImpl.invoke(NativeMethodAccessorImpl.java:62)
	at java.base/jdk.internal.reflect.DelegatingMethodAccessorImpl.invoke(DelegatingMethodAccessorImpl.java:43)
	at java.base/java.lang.reflect.Method.invoke(Method.java:566)
	at org.junit.runners.model.FrameworkMethod$1.runReflectiveCall(FrameworkMethod.java:50)
	at org.junit.internal.runners.model.ReflectiveCallable.run(ReflectiveCallable.java:12)
	at org.junit.runners.model.FrameworkMethod.invokeExplosively(FrameworkMethod.java:47)
	at org.junit.internal.runners.statements.InvokeMethod.evaluate(InvokeMethod.java:17)
	at org.junit.runners.ParentRunner.runLeaf(ParentRunner.java:325)
	at org.junit.runners.BlockJUnit4ClassRunner.runChild(BlockJUnit4ClassRunner.java:78)
	at org.junit.runners.BlockJUnit4ClassRunner.runChild(BlockJUnit4ClassRunner.java:57)
	at org.junit.runners.ParentRunner$3.run(ParentRunner.java:290)
	at org.junit.runners.ParentRunner$1.schedule(ParentRunner.java:71)
	at org.junit.runners.ParentRunner.runChildren(ParentRunner.java:288)
	at org.junit.runners.ParentRunner.access$000(ParentRunner.java:58)
	at org.junit.runners.ParentRunner$2.evaluate(ParentRunner.java:268)
	at org.junit.runners.ParentRunner.run(ParentRunner.java:363)
	at junit.framework.JUnit4TestAdapter.run(JUnit4TestAdapter.java:38)
	at org.apache.tools.ant.taskdefs.optional.junit.JUnitTestRunner.run(JUnitTestRunner.java:534)
	at org.apache.tools.ant.taskdefs.optional.junit.JUnitTestRunner.launch(JUnitTestRunner.java:1196)
	at org.apache.tools.ant.taskdefs.optional.junit.JUnitTestRunner.main(JUnitTestRunner.java:1041)
]]></system-err>

  </testsuite>
</testsuites>
