<?xml version="1.0" encoding="UTF-8" ?>
<testsuites>
  <testsuite errors="0" failures="0" hostname="kali" id="0" name="PileTest" package="test.model" skipped="0" tests="5" time="0.203" timestamp="2020-05-20T14:45:50">
      <properties>
[...]
</properties>

      <testcase classname="test.model.PileTest" name="testSommetPileVide" time="0.003" />

      <testcase classname="test.model.PileTest" name="testPile" time="0.0" />

      <testcase classname="test.model.PileTest" name="testVide" time="0.001" />

      <testcase classname="test.model.PileTest" name="testSommetEmpiler" time="0.0" />

      <testcase classname="test.model.PileTest" name="testSommet" time="0.0" />

      <system-out><![CDATA[]]></system-out>

      <system-err><![CDATA[]]></system-err>

  </testsuite>
  <testsuite errors="0" failures="3" hostname="kali" id="1" name="TestComputer" package="test.model" skipped="0" tests="4" time="0.207" timestamp="2020-05-20T14:45:50">
      <properties>
[...]
</properties>

      <testcase classname="test.model.TestComputer" name="testToString" time="0.016">
          <failure message="expected:&lt;[Computer&#xa;Name = Bot1]&gt; but was:&lt;[]&gt;" type="junit.framework.AssertionFailedError">junit.framework.AssertionFailedError: expected:&lt;[Computer
Name = Bot1]&gt; but was:&lt;[]&gt;
	at test.model.TestComputer.testToString(Unknown Source)
	at java.base/jdk.internal.reflect.NativeMethodAccessorImpl.invoke0(Native Method)
	at java.base/jdk.internal.reflect.NativeMethodAccessorImpl.invoke(NativeMethodAccessorImpl.java:62)
	at java.base/jdk.internal.reflect.DelegatingMethodAccessorImpl.invoke(DelegatingMethodAccessorImpl.java:43)
</failure>

      </testcase>

      <testcase classname="test.model.TestComputer" name="testGetDifficulty" time="0.001">
          <failure message="expected:&lt;EASY&gt; but was:&lt;RANDOM&gt;" type="junit.framework.AssertionFailedError">junit.framework.AssertionFailedError: expected:&lt;EASY&gt; but was:&lt;RANDOM&gt;
	at test.model.TestComputer.testGetDifficulty(Unknown Source)
	at java.base/jdk.internal.reflect.NativeMethodAccessorImpl.invoke0(Native Method)
	at java.base/jdk.internal.reflect.NativeMethodAccessorImpl.invoke(NativeMethodAccessorImpl.java:62)
	at java.base/jdk.internal.reflect.DelegatingMethodAccessorImpl.invoke(DelegatingMethodAccessorImpl.java:43)
</failure>

      </testcase>

      <testcase classname="test.model.TestComputer" name="testGetName" time="0.002">
          <failure message="expected:&lt;[Bot1]&gt; but was:&lt;[]&gt;" type="junit.framework.AssertionFailedError">junit.framework.AssertionFailedError: expected:&lt;[Bot1]&gt; but was:&lt;[]&gt;
	at test.model.TestComputer.testGetName(Unknown Source)
	at java.base/jdk.internal.reflect.NativeMethodAccessorImpl.invoke0(Native Method)
	at java.base/jdk.internal.reflect.NativeMethodAccessorImpl.invoke(NativeMethodAccessorImpl.java:62)
	at java.base/jdk.internal.reflect.DelegatingMethodAccessorImpl.invoke(DelegatingMethodAccessorImpl.java:43)
</failure>

      </testcase>

      <testcase classname="test.model.TestComputer" name="testExists" time="0.0" />

      <system-out><![CDATA[]]></system-out>

      <system-err><![CDATA[]]></system-err>

  </testsuite>
  <testsuite errors="3" failures="2" hostname="kali" id="2" name="TestGame" package="test.model" skipped="0" tests="6" time="0.217" timestamp="2020-05-20T14:45:51">
      <properties>
[...]
</properties>

      <testcase classname="test.model.TestGame" name="testIsMovePossible" time="0.013">
          <failure message="expected:&lt;&gt; but was:&lt;true&gt;" type="junit.framework.AssertionFailedError">junit.framework.AssertionFailedError: expected:&lt;&gt; but was:&lt;true&gt;
	at test.model.TestGame.testIsMovePossible(Unknown Source)
	at java.base/jdk.internal.reflect.NativeMethodAccessorImpl.invoke0(Native Method)
	at java.base/jdk.internal.reflect.NativeMethodAccessorImpl.invoke(NativeMethodAccessorImpl.java:62)
	at java.base/jdk.internal.reflect.DelegatingMethodAccessorImpl.invoke(DelegatingMethodAccessorImpl.java:43)
</failure>

      </testcase>

      <testcase classname="test.model.TestGame" name="testGetPawnOnSquare" time="0.003">
          <error message="Index 0 out of bounds for length 0" type="java.lang.IndexOutOfBoundsException">java.lang.IndexOutOfBoundsException: Index 0 out of bounds for length 0
	at java.base/jdk.internal.util.Preconditions.outOfBounds(Preconditions.java:64)
	at java.base/jdk.internal.util.Preconditions.outOfBoundsCheckIndex(Preconditions.java:70)
	at java.base/jdk.internal.util.Preconditions.checkIndex(Preconditions.java:248)
	at java.base/java.util.Objects.checkIndex(Objects.java:372)
	at java.base/java.util.ArrayList.get(ArrayList.java:458)
	at test.model.TestGame.testGetPawnOnSquare(Unknown Source)
	at java.base/jdk.internal.reflect.NativeMethodAccessorImpl.invoke0(Native Method)
	at java.base/jdk.internal.reflect.NativeMethodAccessorImpl.invoke(NativeMethodAccessorImpl.java:62)
	at java.base/jdk.internal.reflect.DelegatingMethodAccessorImpl.invoke(DelegatingMethodAccessorImpl.java:43)
</error>

      </testcase>

      <testcase classname="test.model.TestGame" name="testRemovePawn" time="0.002">
          <error message="Index 5 out of bounds for length 0" type="java.lang.ArrayIndexOutOfBoundsException">java.lang.ArrayIndexOutOfBoundsException: Index 5 out of bounds for length 0
	at test.model.TestGame.testRemovePawn(Unknown Source)
	at java.base/jdk.internal.reflect.NativeMethodAccessorImpl.invoke0(Native Method)
	at java.base/jdk.internal.reflect.NativeMethodAccessorImpl.invoke(NativeMethodAccessorImpl.java:62)
	at java.base/jdk.internal.reflect.DelegatingMethodAccessorImpl.invoke(DelegatingMethodAccessorImpl.java:43)
</error>

      </testcase>

      <testcase classname="test.model.TestGame" name="testChangePlayer" time="0.002">
          <failure message="expected: model.Human&lt;&gt; but was: model.Human&lt;&gt;" type="junit.framework.AssertionFailedError">junit.framework.AssertionFailedError: expected: model.Human&lt;&gt; but was: model.Human&lt;&gt;
	at test.model.TestGame.testChangePlayer(Unknown Source)
	at java.base/jdk.internal.reflect.NativeMethodAccessorImpl.invoke0(Native Method)
	at java.base/jdk.internal.reflect.NativeMethodAccessorImpl.invoke(NativeMethodAccessorImpl.java:62)
	at java.base/jdk.internal.reflect.DelegatingMethodAccessorImpl.invoke(DelegatingMethodAccessorImpl.java:43)
</failure>

      </testcase>

      <testcase classname="test.model.TestGame" name="testExists" time="0.001" />

      <testcase classname="test.model.TestGame" name="testSizeGrid" time="0.002">
          <error message="Index 0 out of bounds for length 0" type="java.lang.ArrayIndexOutOfBoundsException">java.lang.ArrayIndexOutOfBoundsException: Index 0 out of bounds for length 0
	at test.model.TestGame.testSizeGrid(Unknown Source)
	at java.base/jdk.internal.reflect.NativeMethodAccessorImpl.invoke0(Native Method)
	at java.base/jdk.internal.reflect.NativeMethodAccessorImpl.invoke(NativeMethodAccessorImpl.java:62)
	at java.base/jdk.internal.reflect.DelegatingMethodAccessorImpl.invoke(DelegatingMethodAccessorImpl.java:43)
</error>

      </testcase>

      <system-out><![CDATA[]]></system-out>

      <system-err><![CDATA[]]></system-err>

  </testsuite>
  <testsuite errors="0" failures="0" hostname="kali" id="3" name="TestGameConfig" package="test.model" skipped="0" tests="1" time="0.175" timestamp="2020-05-20T14:45:51">
      <properties>
[...]
</properties>

      <testcase classname="test.model.TestGameConfig" name="testPickStartPlayer" time="0.002" />

      <system-out><![CDATA[]]></system-out>

      <system-err><![CDATA[]]></system-err>

  </testsuite>
  <testsuite errors="0" failures="2" hostname="kali" id="4" name="TestHuman" package="test.model" skipped="0" tests="3" time="0.193" timestamp="2020-05-20T14:45:52">
      <properties>
[...]
</properties>

      <testcase classname="test.model.TestHuman" name="testToString" time="0.012">
          <failure message="expected:&lt;[Human&#xa;Name = Player1]&gt; but was:&lt;[]&gt;" type="junit.framework.AssertionFailedError">junit.framework.AssertionFailedError: expected:&lt;[Human
Name = Player1]&gt; but was:&lt;[]&gt;
	at test.model.TestHuman.testToString(Unknown Source)
	at java.base/jdk.internal.reflect.NativeMethodAccessorImpl.invoke0(Native Method)
	at java.base/jdk.internal.reflect.NativeMethodAccessorImpl.invoke(NativeMethodAccessorImpl.java:62)
	at java.base/jdk.internal.reflect.DelegatingMethodAccessorImpl.invoke(DelegatingMethodAccessorImpl.java:43)
</failure>

      </testcase>

      <testcase classname="test.model.TestHuman" name="testGetName" time="0.002">
          <failure message="expected:&lt;[Player1]&gt; but was:&lt;[]&gt;" type="junit.framework.AssertionFailedError">junit.framework.AssertionFailedError: expected:&lt;[Player1]&gt; but was:&lt;[]&gt;
	at test.model.TestHuman.testGetName(Unknown Source)
	at java.base/jdk.internal.reflect.NativeMethodAccessorImpl.invoke0(Native Method)
	at java.base/jdk.internal.reflect.NativeMethodAccessorImpl.invoke(NativeMethodAccessorImpl.java:62)
	at java.base/jdk.internal.reflect.DelegatingMethodAccessorImpl.invoke(DelegatingMethodAccessorImpl.java:43)
</failure>

      </testcase>

      <testcase classname="test.model.TestHuman" name="testExists" time="0.0" />

      <system-out><![CDATA[]]></system-out>

      <system-err><![CDATA[]]></system-err>

  </testsuite>
  <testsuite errors="0" failures="4" hostname="kali" id="5" name="TestSquare" package="test.model" skipped="0" tests="5" time="0.21" timestamp="2020-05-20T14:45:53">
      <properties>
[...]
</properties>

      <testcase classname="test.model.TestSquare" name="testToString" time="0.01">
          <failure message="expected:&lt;[X = 2&#xa;Y = 5&#xa;Free = false]&gt; but was:&lt;[]&gt;" type="junit.framework.AssertionFailedError">junit.framework.AssertionFailedError: expected:&lt;[X = 2
Y = 5
Free = false]&gt; but was:&lt;[]&gt;
	at test.model.TestSquare.testToString(Unknown Source)
	at java.base/jdk.internal.reflect.NativeMethodAccessorImpl.invoke0(Native Method)
	at java.base/jdk.internal.reflect.NativeMethodAccessorImpl.invoke(NativeMethodAccessorImpl.java:62)
	at java.base/jdk.internal.reflect.DelegatingMethodAccessorImpl.invoke(DelegatingMethodAccessorImpl.java:43)
</failure>

      </testcase>

      <testcase classname="test.model.TestSquare" name="testExists" time="0.0" />

      <testcase classname="test.model.TestSquare" name="testIsFree" time="0.001">
          <failure message="expected:&lt;false&gt; but was:&lt;true&gt;" type="junit.framework.AssertionFailedError">junit.framework.AssertionFailedError: expected:&lt;false&gt; but was:&lt;true&gt;
	at test.model.TestSquare.testIsFree(Unknown Source)
	at java.base/jdk.internal.reflect.NativeMethodAccessorImpl.invoke0(Native Method)
	at java.base/jdk.internal.reflect.NativeMethodAccessorImpl.invoke(NativeMethodAccessorImpl.java:62)
	at java.base/jdk.internal.reflect.DelegatingMethodAccessorImpl.invoke(DelegatingMethodAccessorImpl.java:43)
</failure>

      </testcase>

      <testcase classname="test.model.TestSquare" name="testCoordinateGetters" time="0.002">
          <failure message="expected:&lt;2&gt; but was:&lt;0&gt;" type="junit.framework.AssertionFailedError">junit.framework.AssertionFailedError: expected:&lt;2&gt; but was:&lt;0&gt;
	at test.model.TestSquare.testCoordinateGetters(Unknown Source)
	at java.base/jdk.internal.reflect.NativeMethodAccessorImpl.invoke0(Native Method)
	at java.base/jdk.internal.reflect.NativeMethodAccessorImpl.invoke(NativeMethodAccessorImpl.java:62)
	at java.base/jdk.internal.reflect.DelegatingMethodAccessorImpl.invoke(DelegatingMethodAccessorImpl.java:43)
</failure>

      </testcase>

      <testcase classname="test.model.TestSquare" name="testChangeState" time="0.001">
          <failure message="expected:&lt;false&gt; but was:&lt;true&gt;" type="junit.framework.AssertionFailedError">junit.framework.AssertionFailedError: expected:&lt;false&gt; but was:&lt;true&gt;
	at test.model.TestSquare.testChangeState(Unknown Source)
	at java.base/jdk.internal.reflect.NativeMethodAccessorImpl.invoke0(Native Method)
	at java.base/jdk.internal.reflect.NativeMethodAccessorImpl.invoke(NativeMethodAccessorImpl.java:62)
	at java.base/jdk.internal.reflect.DelegatingMethodAccessorImpl.invoke(DelegatingMethodAccessorImpl.java:43)
</failure>

      </testcase>

      <system-out><![CDATA[]]></system-out>

      <system-err><![CDATA[]]></system-err>

  </testsuite>
  <testsuite errors="1" failures="0" hostname="kali" id="6" name="testPawn" package="test.model" skipped="0" tests="1" time="0.0" timestamp="2020-05-20T14:45:52">
      <properties>
[...]
</properties>

      <error message="test.model.testPawn" type="java.lang.ClassNotFoundException">java.lang.ClassNotFoundException: test.model.testPawn
	at java.base/jdk.internal.loader.BuiltinClassLoader.loadClass(BuiltinClassLoader.java:581)
	at java.base/jdk.internal.loader.ClassLoaders$AppClassLoader.loadClass(ClassLoaders.java:178)
	at java.base/java.lang.ClassLoader.loadClass(ClassLoader.java:522)
	at java.base/java.lang.Class.forName0(Native Method)
	at java.base/java.lang.Class.forName(Class.java:398)
</error>

      <system-out><![CDATA[]]></system-out>

      <system-err><![CDATA[]]></system-err>

  </testsuite>
  <testsuite errors="0" failures="1" hostname="kali" id="7" name="TestSave" package="test.util" skipped="0" tests="1" time="0.174" timestamp="2020-05-20T14:45:53">
      <properties>
[...]
</properties>

      <testcase classname="test.util.TestSave" name="testSaveLoad" time="0.011">
          <failure message="expected:&lt;model.Game@61dc03ce&gt; but was:&lt;model.Game@50f8360d&gt;" type="junit.framework.AssertionFailedError">junit.framework.AssertionFailedError: expected:&lt;model.Game@61dc03ce&gt; but was:&lt;model.Game@50f8360d&gt;
	at test.util.TestSave.testSaveLoad(Unknown Source)
	at java.base/jdk.internal.reflect.NativeMethodAccessorImpl.invoke0(Native Method)
	at java.base/jdk.internal.reflect.NativeMethodAccessorImpl.invoke(NativeMethodAccessorImpl.java:62)
	at java.base/jdk.internal.reflect.DelegatingMethodAccessorImpl.invoke(DelegatingMethodAccessorImpl.java:43)
</failure>

      </testcase>

      <system-out><![CDATA[]]></system-out>

      <system-err><![CDATA[]]></system-err>

  </testsuite>
</testsuites>
