<?xml version="1.0" encoding="UTF-8" ?>
<testsuite errors="0" failures="1" hostname="ubuntu" name="test.model.TestComputer" skipped="0" tests="4" time="0.102" timestamp="2020-06-14T22:00:47">
  <properties>
[...]
</properties>
  <testcase classname="test.model.TestComputer" name="testToString" time="0.018">
    <failure message="expected:&lt;Computer&#xa;Name [=] Bot1&gt; but was:&lt;Computer&#xa;Name [:] Bot1&gt;" type="junit.framework.AssertionFailedError">junit.framework.AssertionFailedError: expected:&lt;Computer
Name [=] Bot1&gt; but was:&lt;Computer
Name [:] Bot1&gt;
	at test.model.TestComputer.testToString(Unknown Source)
	at java.base/jdk.internal.reflect.NativeMethodAccessorImpl.invoke0(Native Method)
	at java.base/jdk.internal.reflect.NativeMethodAccessorImpl.invoke(NativeMethodAccessorImpl.java:62)
	at java.base/jdk.internal.reflect.DelegatingMethodAccessorImpl.invoke(DelegatingMethodAccessorImpl.java:43)
</failure>
  </testcase>
  <testcase classname="test.model.TestComputer" name="testGetDifficulty" time="0.0" />
  <testcase classname="test.model.TestComputer" name="testGetName" time="0.0" />
  <testcase classname="test.model.TestComputer" name="testExists" time="0.0" />
  <system-out><![CDATA[]]></system-out>
  <system-err><![CDATA[]]></system-err>
</testsuite>
