<?xml version="1.0" encoding="UTF-8" ?>
<testsuite errors="0" failures="0" hostname="ubuntu" name="test.model.PileTest" skipped="0" tests="5" time="0.146" timestamp="2020-06-14T22:00:46">
  <properties>
[...]
</properties>
  <testcase classname="test.model.PileTest" name="testSommetPileVide" time="0.001" />
  <testcase classname="test.model.PileTest" name="testPile" time="0.0" />
  <testcase classname="test.model.PileTest" name="testVide" time="0.0" />
  <testcase classname="test.model.PileTest" name="testSommetEmpiler" time="0.0" />
  <testcase classname="test.model.PileTest" name="testSommet" time="0.0" />
  <system-out><![CDATA[]]></system-out>
  <system-err><![CDATA[]]></system-err>
</testsuite>
