<?xml version="1.0" encoding="UTF-8" ?>
<testsuites>
  <testsuite errors="0" failures="0" hostname="ubuntu" id="0" name="TestComputer" package="test.model" skipped="0" tests="4" time="0.136" timestamp="2020-06-18T05:29:52">
      <properties>
[...]
</properties>

      <testcase classname="test.model.TestComputer" name="testToString" time="0.013" />

      <testcase classname="test.model.TestComputer" name="testGetDifficulty" time="0.0" />

      <testcase classname="test.model.TestComputer" name="testGetName" time="0.0" />

      <testcase classname="test.model.TestComputer" name="testExists" time="0.0" />

      <system-out><![CDATA[]]></system-out>

      <system-err><![CDATA[]]></system-err>

  </testsuite>
  <testsuite errors="6" failures="0" hostname="ubuntu" id="1" name="TestGame" package="test.model" skipped="0" tests="6" time="0.151" timestamp="2020-06-18T05:29:53">
      <properties>
[...]
</properties>

      <testcase classname="test.model.TestGame" name="testIsMovePossible" time="0.062">
          <error message="No line found" type="java.util.NoSuchElementException">java.util.NoSuchElementException: No line found
	at java.base/java.util.Scanner.nextLine(Scanner.java:1651)
	at control.Prompt.askForQuit(Unknown Source)
	at model.Game.start(Unknown Source)
	at model.Game.&lt;init&gt;(Unknown Source)
	at test.model.TestGame.setUp(Unknown Source)
	at java.base/jdk.internal.reflect.NativeMethodAccessorImpl.invoke0(Native Method)
	at java.base/jdk.internal.reflect.NativeMethodAccessorImpl.invoke(NativeMethodAccessorImpl.java:62)
	at java.base/jdk.internal.reflect.DelegatingMethodAccessorImpl.invoke(DelegatingMethodAccessorImpl.java:43)
</error>

      </testcase>

      <testcase classname="test.model.TestGame" name="testGetPawnOnSquare" time="0.003">
          <error message="No line found" type="java.util.NoSuchElementException">java.util.NoSuchElementException: No line found
	at java.base/java.util.Scanner.nextLine(Scanner.java:1651)
	at control.Prompt.askForQuit(Unknown Source)
	at model.Game.start(Unknown Source)
	at model.Game.&lt;init&gt;(Unknown Source)
	at test.model.TestGame.setUp(Unknown Source)
	at java.base/jdk.internal.reflect.NativeMethodAccessorImpl.invoke0(Native Method)
	at java.base/jdk.internal.reflect.NativeMethodAccessorImpl.invoke(NativeMethodAccessorImpl.java:62)
	at java.base/jdk.internal.reflect.DelegatingMethodAccessorImpl.invoke(DelegatingMethodAccessorImpl.java:43)
</error>

      </testcase>

      <testcase classname="test.model.TestGame" name="testRemovePawn" time="0.002">
          <error message="No line found" type="java.util.NoSuchElementException">java.util.NoSuchElementException: No line found
	at java.base/java.util.Scanner.nextLine(Scanner.java:1651)
	at control.Prompt.askForQuit(Unknown Source)
	at model.Game.start(Unknown Source)
	at model.Game.&lt;init&gt;(Unknown Source)
	at test.model.TestGame.setUp(Unknown Source)
	at java.base/jdk.internal.reflect.NativeMethodAccessorImpl.invoke0(Native Method)
	at java.base/jdk.internal.reflect.NativeMethodAccessorImpl.invoke(NativeMethodAccessorImpl.java:62)
	at java.base/jdk.internal.reflect.DelegatingMethodAccessorImpl.invoke(DelegatingMethodAccessorImpl.java:43)
</error>

      </testcase>

      <testcase classname="test.model.TestGame" name="testChangePlayer" time="0.002">
          <error message="No line found" type="java.util.NoSuchElementException">java.util.NoSuchElementException: No line found
	at java.base/java.util.Scanner.nextLine(Scanner.java:1651)
	at control.Prompt.askForQuit(Unknown Source)
	at model.Game.start(Unknown Source)
	at model.Game.&lt;init&gt;(Unknown Source)
	at test.model.TestGame.setUp(Unknown Source)
	at java.base/jdk.internal.reflect.NativeMethodAccessorImpl.invoke0(Native Method)
	at java.base/jdk.internal.reflect.NativeMethodAccessorImpl.invoke(NativeMethodAccessorImpl.java:62)
	at java.base/jdk.internal.reflect.DelegatingMethodAccessorImpl.invoke(DelegatingMethodAccessorImpl.java:43)
</error>

      </testcase>

      <testcase classname="test.model.TestGame" name="testExists" time="0.001">
          <error message="No line found" type="java.util.NoSuchElementException">java.util.NoSuchElementException: No line found
	at java.base/java.util.Scanner.nextLine(Scanner.java:1651)
	at control.Prompt.askForQuit(Unknown Source)
	at model.Game.start(Unknown Source)
	at model.Game.&lt;init&gt;(Unknown Source)
	at test.model.TestGame.setUp(Unknown Source)
	at java.base/jdk.internal.reflect.NativeMethodAccessorImpl.invoke0(Native Method)
	at java.base/jdk.internal.reflect.NativeMethodAccessorImpl.invoke(NativeMethodAccessorImpl.java:62)
	at java.base/jdk.internal.reflect.DelegatingMethodAccessorImpl.invoke(DelegatingMethodAccessorImpl.java:43)
</error>

      </testcase>

      <testcase classname="test.model.TestGame" name="testSizeGrid" time="0.001">
          <error message="No line found" type="java.util.NoSuchElementException">java.util.NoSuchElementException: No line found
	at java.base/java.util.Scanner.nextLine(Scanner.java:1651)
	at control.Prompt.askForQuit(Unknown Source)
	at model.Game.start(Unknown Source)
	at model.Game.&lt;init&gt;(Unknown Source)
	at test.model.TestGame.setUp(Unknown Source)
	at java.base/jdk.internal.reflect.NativeMethodAccessorImpl.invoke0(Native Method)
	at java.base/jdk.internal.reflect.NativeMethodAccessorImpl.invoke(NativeMethodAccessorImpl.java:62)
	at java.base/jdk.internal.reflect.DelegatingMethodAccessorImpl.invoke(DelegatingMethodAccessorImpl.java:43)
</error>

      </testcase>

      <system-out><![CDATA[  | 0   1   2   3   4   5   6   7   8   9   10
----------------------------------------------
0 | X   .   .   .   .   .   .   .   .   .   .   
  |
1 | X   .   .   .   .   .   .   .   .   .   .   
  |
2 | X   .   .   .   .   .   .   .   .   .   .   
  |
3 | .   .   Z   .   .   .   .   .   .   .   .   
  |
4 | O   .   .   .   .   .   .   .   .   .   .   
  |
5 | O   .   .   .   .   .   .   .   .   .   .   
  |
6 | .   .   .   .   .   .   .   .   .   .   .   
  |
7 | .   .   .   .   .   .   .   .   .   .   .   
  |
8 | .   .   .   .   .   .   .   .   .   .   .   
  |
9 | .   .   .   .   .   .   .   .   .   .   .   
  |
10| .   .   .   .   .   .   .   .   .   .   .   

[H[2J
███████╗███████╗███╗   ██╗        ██╗     ██╗ ██╗███╗   ██╗██╗████████╗██╗███████╗
╚══███╔╝██╔════╝████╗  ██║        ██║     ██║ ██║████╗  ██║██║╚══██╔══╝██║██╔════╝
  ███╔╝ █████╗  ██╔██╗ ██║        ██║     ╚═╝ ██║██╔██╗ ██║██║   ██║   ██║█████╗  
 ███╔╝  ██╔══╝  ██║╚██╗██║        ██║         ██║██║╚██╗██║██║   ██║   ██║██╔══╝  
███████╗███████╗██║ ╚████║        ███████╗    ██║██║ ╚████║██║   ██║   ██║███████╗
╚══════╝╚══════╝╚═╝  ╚═══╝        ╚══════╝    ╚═╝╚═╝  ╚═══╝╚═╝   ╚═╝   ╚═╝╚══════╝

_____________________________________
|     Welcome to Zen l'Initie !      \
|  ---------------------------------
| Player 1 : George (O)
| Player 2 : Fred (X)
| Game mode : HH
|____________________________________/

  | 0   1   2   3   4   5   6   7   8   9   10
----------------------------------------------
0 | X   .   .   .   .   .   .   .   .   .   .   
  |
1 | X   .   .   .   .   .   .   .   .   .   .   
  |
2 | X   .   .   .   .   .   .   .   .   .   .   
  |
3 | .   .   Z   .   .   .   .   .   .   .   .   
  |
4 | O   .   .   .   .   .   .   .   .   .   .   
  |
5 | O   .   .   .   .   .   .   .   .   .   .   
  |
6 | .   .   .   .   .   .   .   .   .   .   .   
  |
7 | .   .   .   .   .   .   .   .   .   .   .   
  |
8 | .   .   .   .   .   .   .   .   .   .   .   
  |
9 | .   .   .   .   .   .   .   .   .   .   .   
  |
10| .   .   .   .   .   .   .   .   .   .   .   

Do you want to quit ? (y/n)
>   | 0   1   2   3   4   5   6   7   8   9   10
----------------------------------------------
0 | X   .   .   .   .   .   .   .   .   .   .   
  |
1 | X   .   .   .   .   .   .   .   .   .   .   
  |
2 | X   .   .   .   .   .   .   .   .   .   .   
  |
3 | .   .   Z   .   .   .   .   .   .   .   .   
  |
4 | O   .   .   .   .   .   .   .   .   .   .   
  |
5 | O   .   .   .   .   .   .   .   .   .   .   
  |
6 | .   .   .   .   .   .   .   .   .   .   .   
  |
7 | .   .   .   .   .   .   .   .   .   .   .   
  |
8 | .   .   .   .   .   .   .   .   .   .   .   
  |
9 | .   .   .   .   .   .   .   .   .   .   .   
  |
10| .   .   .   .   .   .   .   .   .   .   .   

[H[2J
███████╗███████╗███╗   ██╗        ██╗     ██╗ ██╗███╗   ██╗██╗████████╗██╗███████╗
╚══███╔╝██╔════╝████╗  ██║        ██║     ██║ ██║████╗  ██║██║╚══██╔══╝██║██╔════╝
  ███╔╝ █████╗  ██╔██╗ ██║        ██║     ╚═╝ ██║██╔██╗ ██║██║   ██║   ██║█████╗  
 ███╔╝  ██╔══╝  ██║╚██╗██║        ██║         ██║██║╚██╗██║██║   ██║   ██║██╔══╝  
███████╗███████╗██║ ╚████║        ███████╗    ██║██║ ╚████║██║   ██║   ██║███████╗
╚══════╝╚══════╝╚═╝  ╚═══╝        ╚══════╝    ╚═╝╚═╝  ╚═══╝╚═╝   ╚═╝   ╚═╝╚══════╝

_____________________________________
|     Welcome to Zen l'Initie !      \
|  ---------------------------------
| Player 1 : George (O)
| Player 2 : Fred (X)
| Game mode : HH
|____________________________________/

  | 0   1   2   3   4   5   6   7   8   9   10
----------------------------------------------
0 | X   .   .   .   .   .   .   .   .   .   .   
  |
1 | X   .   .   .   .   .   .   .   .   .   .   
  |
2 | X   .   .   .   .   .   .   .   .   .   .   
  |
3 | .   .   Z   .   .   .   .   .   .   .   .   
  |
4 | O   .   .   .   .   .   .   .   .   .   .   
  |
5 | O   .   .   .   .   .   .   .   .   .   .   
  |
6 | .   .   .   .   .   .   .   .   .   .   .   
  |
7 | .   .   .   .   .   .   .   .   .   .   .   
  |
8 | .   .   .   .   .   .   .   .   .   .   .   
  |
9 | .   .   .   .   .   .   .   .   .   .   .   
  |
10| .   .   .   .   .   .   .   .   .   .   .   

Do you want to quit ? (y/n)
>   | 0   1   2   3   4   5   6   7   8   9   10
----------------------------------------------
0 | X   .   .   .   .   .   .   .   .   .   .   
  |
1 | X   .   .   .   .   .   .   .   .   .   .   
  |
2 | X   .   .   .   .   .   .   .   .   .   .   
  |
3 | .   .   Z   .   .   .   .   .   .   .   .   
  |
4 | O   .   .   .   .   .   .   .   .   .   .   
  |
5 | O   .   .   .   .   .   .   .   .   .   .   
  |
6 | .   .   .   .   .   .   .   .   .   .   .   
  |
7 | .   .   .   .   .   .   .   .   .   .   .   
  |
8 | .   .   .   .   .   .   .   .   .   .   .   
  |
9 | .   .   .   .   .   .   .   .   .   .   .   
  |
10| .   .   .   .   .   .   .   .   .   .   .   

[H[2J
███████╗███████╗███╗   ██╗        ██╗     ██╗ ██╗███╗   ██╗██╗████████╗██╗███████╗
╚══███╔╝██╔════╝████╗  ██║        ██║     ██║ ██║████╗  ██║██║╚══██╔══╝██║██╔════╝
  ███╔╝ █████╗  ██╔██╗ ██║        ██║     ╚═╝ ██║██╔██╗ ██║██║   ██║   ██║█████╗  
 ███╔╝  ██╔══╝  ██║╚██╗██║        ██║         ██║██║╚██╗██║██║   ██║   ██║██╔══╝  
███████╗███████╗██║ ╚████║        ███████╗    ██║██║ ╚████║██║   ██║   ██║███████╗
╚══════╝╚══════╝╚═╝  ╚═══╝        ╚══════╝    ╚═╝╚═╝  ╚═══╝╚═╝   ╚═╝   ╚═╝╚══════╝

_____________________________________
|     Welcome to Zen l'Initie !      \
|  ---------------------------------
| Player 1 : George (O)
| Player 2 : Fred (X)
| Game mode : HH
|____________________________________/

  | 0   1   2   3   4   5   6   7   8   9   10
----------------------------------------------
0 | X   .   .   .   .   .   .   .   .   .   .   
  |
1 | X   .   .   .   .   .   .   .   .   .   .   
  |
2 | X   .   .   .   .   .   .   .   .   .   .   
  |
3 | .   .   Z   .   .   .   .   .   .   .   .   
  |
4 | O   .   .   .   .   .   .   .   .   .   .   
  |
5 | O   .   .   .   .   .   .   .   .   .   .   
  |
6 | .   .   .   .   .   .   .   .   .   .   .   
  |
7 | .   .   .   .   .   .   .   .   .   .   .   
  |
8 | .   .   .   .   .   .   .   .   .   .   .   
  |
9 | .   .   .   .   .   .   .   .   .   .   .   
  |
10| .   .   .   .   .   .   .   .   .   .   .   

Do you want to quit ? (y/n)
>   | 0   1   2   3   4   5   6   7   8   9   10
----------------------------------------------
0 | X   .   .   .   .   .   .   .   .   .   .   
  |
1 | X   .   .   .   .   .   .   .   .   .   .   
  |
2 | X   .   .   .   .   .   .   .   .   .   .   
  |
3 | .   .   Z   .   .   .   .   .   .   .   .   
  |
4 | O   .   .   .   .   .   .   .   .   .   .   
  |
5 | O   .   .   .   .   .   .   .   .   .   .   
  |
6 | .   .   .   .   .   .   .   .   .   .   .   
  |
7 | .   .   .   .   .   .   .   .   .   .   .   
  |
8 | .   .   .   .   .   .   .   .   .   .   .   
  |
9 | .   .   .   .   .   .   .   .   .   .   .   
  |
10| .   .   .   .   .   .   .   .   .   .   .   

[H[2J
███████╗███████╗███╗   ██╗        ██╗     ██╗ ██╗███╗   ██╗██╗████████╗██╗███████╗
╚══███╔╝██╔════╝████╗  ██║        ██║     ██║ ██║████╗  ██║██║╚══██╔══╝██║██╔════╝
  ███╔╝ █████╗  ██╔██╗ ██║        ██║     ╚═╝ ██║██╔██╗ ██║██║   ██║   ██║█████╗  
 ███╔╝  ██╔══╝  ██║╚██╗██║        ██║         ██║██║╚██╗██║██║   ██║   ██║██╔══╝  
███████╗███████╗██║ ╚████║        ███████╗    ██║██║ ╚████║██║   ██║   ██║███████╗
╚══════╝╚══════╝╚═╝  ╚═══╝        ╚══════╝    ╚═╝╚═╝  ╚═══╝╚═╝   ╚═╝   ╚═╝╚══════╝

_____________________________________
|     Welcome to Zen l'Initie !      \
|  ---------------------------------
| Player 1 : George (O)
| Player 2 : Fred (X)
| Game mode : HH
|____________________________________/

  | 0   1   2   3   4   5   6   7   8   9   10
----------------------------------------------
0 | X   .   .   .   .   .   .   .   .   .   .   
  |
1 | X   .   .   .   .   .   .   .   .   .   .   
  |
2 | X   .   .   .   .   .   .   .   .   .   .   
  |
3 | .   .   Z   .   .   .   .   .   .   .   .   
  |
4 | O   .   .   .   .   .   .   .   .   .   .   
  |
5 | O   .   .   .   .   .   .   .   .   .   .   
  |
6 | .   .   .   .   .   .   .   .   .   .   .   
  |
7 | .   .   .   .   .   .   .   .   .   .   .   
  |
8 | .   .   .   .   .   .   .   .   .   .   .   
  |
9 | .   .   .   .   .   .   .   .   .   .   .   
  |
10| .   .   .   .   .   .   .   .   .   .   .   

Do you want to quit ? (y/n)
>   | 0   1   2   3   4   5   6   7   8   9   10
----------------------------------------------
0 | X   .   .   .   .   .   .   .   .   .   .   
  |
1 | X   .   .   .   .   .   .   .   .   .   .   
  |
2 | X   .   .   .   .   .   .   .   .   .   .   
  |
3 | .   .   Z   .   .   .   .   .   .   .   .   
  |
4 | O   .   .   .   .   .   .   .   .   .   .   
  |
5 | O   .   .   .   .   .   .   .   .   .   .   
  |
6 | .   .   .   .   .   .   .   .   .   .   .   
  |
7 | .   .   .   .   .   .   .   .   .   .   .   
  |
8 | .   .   .   .   .   .   .   .   .   .   .   
  |
9 | .   .   .   .   .   .   .   .   .   .   .   
  |
10| .   .   .   .   .   .   .   .   .   .   .   

[H[2J
███████╗███████╗███╗   ██╗        ██╗     ██╗ ██╗███╗   ██╗██╗████████╗██╗███████╗
╚══███╔╝██╔════╝████╗  ██║        ██║     ██║ ██║████╗  ██║██║╚══██╔══╝██║██╔════╝
  ███╔╝ █████╗  ██╔██╗ ██║        ██║     ╚═╝ ██║██╔██╗ ██║██║   ██║   ██║█████╗  
 ███╔╝  ██╔══╝  ██║╚██╗██║        ██║         ██║██║╚██╗██║██║   ██║   ██║██╔══╝  
███████╗███████╗██║ ╚████║        ███████╗    ██║██║ ╚████║██║   ██║   ██║███████╗
╚══════╝╚══════╝╚═╝  ╚═══╝        ╚══════╝    ╚═╝╚═╝  ╚═══╝╚═╝   ╚═╝   ╚═╝╚══════╝

_____________________________________
|     Welcome to Zen l'Initie !      \
|  ---------------------------------
| Player 1 : George (O)
| Player 2 : Fred (X)
| Game mode : HH
|____________________________________/

  | 0   1   2   3   4   5   6   7   8   9   10
----------------------------------------------
0 | X   .   .   .   .   .   .   .   .   .   .   
  |
1 | X   .   .   .   .   .   .   .   .   .   .   
  |
2 | X   .   .   .   .   .   .   .   .   .   .   
  |
3 | .   .   Z   .   .   .   .   .   .   .   .   
  |
4 | O   .   .   .   .   .   .   .   .   .   .   
  |
5 | O   .   .   .   .   .   .   .   .   .   .   
  |
6 | .   .   .   .   .   .   .   .   .   .   .   
  |
7 | .   .   .   .   .   .   .   .   .   .   .   
  |
8 | .   .   .   .   .   .   .   .   .   .   .   
  |
9 | .   .   .   .   .   .   .   .   .   .   .   
  |
10| .   .   .   .   .   .   .   .   .   .   .   

Do you want to quit ? (y/n)
>   | 0   1   2   3   4   5   6   7   8   9   10
----------------------------------------------
0 | X   .   .   .   .   .   .   .   .   .   .   
  |
1 | X   .   .   .   .   .   .   .   .   .   .   
  |
2 | X   .   .   .   .   .   .   .   .   .   .   
  |
3 | .   .   Z   .   .   .   .   .   .   .   .   
  |
4 | O   .   .   .   .   .   .   .   .   .   .   
  |
5 | O   .   .   .   .   .   .   .   .   .   .   
  |
6 | .   .   .   .   .   .   .   .   .   .   .   
  |
7 | .   .   .   .   .   .   .   .   .   .   .   
  |
8 | .   .   .   .   .   .   .   .   .   .   .   
  |
9 | .   .   .   .   .   .   .   .   .   .   .   
  |
10| .   .   .   .   .   .   .   .   .   .   .   

[H[2J
███████╗███████╗███╗   ██╗        ██╗     ██╗ ██╗███╗   ██╗██╗████████╗██╗███████╗
╚══███╔╝██╔════╝████╗  ██║        ██║     ██║ ██║████╗  ██║██║╚══██╔══╝██║██╔════╝
  ███╔╝ █████╗  ██╔██╗ ██║        ██║     ╚═╝ ██║██╔██╗ ██║██║   ██║   ██║█████╗  
 ███╔╝  ██╔══╝  ██║╚██╗██║        ██║         ██║██║╚██╗██║██║   ██║   ██║██╔══╝  
███████╗███████╗██║ ╚████║        ███████╗    ██║██║ ╚████║██║   ██║   ██║███████╗
╚══════╝╚══════╝╚═╝  ╚═══╝        ╚══════╝    ╚═╝╚═╝  ╚═══╝╚═╝   ╚═╝   ╚═╝╚══════╝

_____________________________________
|     Welcome to Zen l'Initie !      \
|  ---------------------------------
| Player 1 : George (O)
| Player 2 : Fred (X)
| Game mode : HH
|____________________________________/

  | 0   1   2   3   4   5   6   7   8   9   10
----------------------------------------------
0 | X   .   .   .   .   .   .   .   .   .   .   
  |
1 | X   .   .   .   .   .   .   .   .   .   .   
  |
2 | X   .   .   .   .   .   .   .   .   .   .   
  |
3 | .   .   Z   .   .   .   .   .   .   .   .   
  |
4 | O   .   .   .   .   .   .   .   .   .   .   
  |
5 | O   .   .   .   .   .   .   .   .   .   .   
  |
6 | .   .   .   .   .   .   .   .   .   .   .   
  |
7 | .   .   .   .   .   .   .   .   .   .   .   
  |
8 | .   .   .   .   .   .   .   .   .   .   .   
  |
9 | .   .   .   .   .   .   .   .   .   .   .   
  |
10| .   .   .   .   .   .   .   .   .   .   .   

Do you want to quit ? (y/n)
> ]]></system-out>

      <system-err><![CDATA[]]></system-err>

  </testsuite>
  <testsuite errors="0" failures="0" hostname="ubuntu" id="2" name="TestHuman" package="test.model" skipped="0" tests="3" time="0.087" timestamp="2020-06-18T05:29:53">
      <properties>
[...]
</properties>

      <testcase classname="test.model.TestHuman" name="testToString" time="0.012" />

      <testcase classname="test.model.TestHuman" name="testGetName" time="0.0" />

      <testcase classname="test.model.TestHuman" name="testExists" time="0.0" />

      <system-out><![CDATA[]]></system-out>

      <system-err><![CDATA[]]></system-err>

  </testsuite>
  <testsuite errors="0" failures="0" hostname="ubuntu" id="3" name="TestPawn" package="test.model" skipped="0" tests="4" time="0.105" timestamp="2020-06-18T05:29:53">
      <properties>
[...]
</properties>

      <testcase classname="test.model.TestPawn" name="testGetColor" time="0.001" />

      <testcase classname="test.model.TestPawn" name="testToString" time="0.015" />

      <testcase classname="test.model.TestPawn" name="testPostionGettersSetter" time="0.0" />

      <testcase classname="test.model.TestPawn" name="testExists" time="0.001" />

      <system-out><![CDATA[]]></system-out>

      <system-err><![CDATA[]]></system-err>

  </testsuite>
  <testsuite errors="0" failures="0" hostname="ubuntu" id="4" name="TestSquare" package="test.model" skipped="0" tests="5" time="0.09" timestamp="2020-06-18T05:29:53">
      <properties>
[...]
</properties>

      <testcase classname="test.model.TestSquare" name="testToString" time="0.01" />

      <testcase classname="test.model.TestSquare" name="testExists" time="0.0" />

      <testcase classname="test.model.TestSquare" name="testIsFree" time="0.001" />

      <testcase classname="test.model.TestSquare" name="testCoordinateGetters" time="0.0" />

      <testcase classname="test.model.TestSquare" name="testChangeState" time="0.0" />

      <system-out><![CDATA[]]></system-out>

      <system-err><![CDATA[]]></system-err>

  </testsuite>
  <testsuite errors="1" failures="0" hostname="ubuntu" id="5" name="TestSave" package="test.util" skipped="0" tests="1" time="0.096" timestamp="2020-06-18T05:29:54">
      <properties>
[...]
</properties>

      <testcase classname="test.util.TestSave" name="testSaveLoad" time="0.023">
          <error message="No line found" type="java.util.NoSuchElementException">java.util.NoSuchElementException: No line found
	at java.base/java.util.Scanner.nextLine(Scanner.java:1651)
	at control.Prompt.askForQuit(Unknown Source)
	at model.Game.start(Unknown Source)
	at model.Game.&lt;init&gt;(Unknown Source)
	at test.util.TestSave.testSaveLoad(Unknown Source)
	at java.base/jdk.internal.reflect.NativeMethodAccessorImpl.invoke0(Native Method)
	at java.base/jdk.internal.reflect.NativeMethodAccessorImpl.invoke(NativeMethodAccessorImpl.java:62)
	at java.base/jdk.internal.reflect.DelegatingMethodAccessorImpl.invoke(DelegatingMethodAccessorImpl.java:43)
</error>

      </testcase>

      <system-out><![CDATA[  | 0   1   2   3   4   5   6   7   8   9   10
----------------------------------------------
0 | X   .   .   .   .   .   .   .   .   .   .   
  |
1 | X   .   .   .   .   .   .   .   .   .   .   
  |
2 | X   .   .   .   .   .   .   .   .   .   .   
  |
3 | .   .   Z   .   .   .   .   .   .   .   .   
  |
4 | O   .   .   .   .   .   .   .   .   .   .   
  |
5 | O   .   .   .   .   .   .   .   .   .   .   
  |
6 | .   .   .   .   .   .   .   .   .   .   .   
  |
7 | .   .   .   .   .   .   .   .   .   .   .   
  |
8 | .   .   .   .   .   .   .   .   .   .   .   
  |
9 | .   .   .   .   .   .   .   .   .   .   .   
  |
10| .   .   .   .   .   .   .   .   .   .   .   

[H[2J
███████╗███████╗███╗   ██╗        ██╗     ██╗ ██╗███╗   ██╗██╗████████╗██╗███████╗
╚══███╔╝██╔════╝████╗  ██║        ██║     ██║ ██║████╗  ██║██║╚══██╔══╝██║██╔════╝
  ███╔╝ █████╗  ██╔██╗ ██║        ██║     ╚═╝ ██║██╔██╗ ██║██║   ██║   ██║█████╗  
 ███╔╝  ██╔══╝  ██║╚██╗██║        ██║         ██║██║╚██╗██║██║   ██║   ██║██╔══╝  
███████╗███████╗██║ ╚████║        ███████╗    ██║██║ ╚████║██║   ██║   ██║███████╗
╚══════╝╚══════╝╚═╝  ╚═══╝        ╚══════╝    ╚═╝╚═╝  ╚═══╝╚═╝   ╚═╝   ╚═╝╚══════╝

_____________________________________
|     Welcome to Zen l'Initie !      \
|  ---------------------------------
| Player 1 : Player1 (O)
| Player 2 : Player1 (X)
| Game mode : HH
|____________________________________/

  | 0   1   2   3   4   5   6   7   8   9   10
----------------------------------------------
0 | X   .   .   .   .   .   .   .   .   .   .   
  |
1 | X   .   .   .   .   .   .   .   .   .   .   
  |
2 | X   .   .   .   .   .   .   .   .   .   .   
  |
3 | .   .   Z   .   .   .   .   .   .   .   .   
  |
4 | O   .   .   .   .   .   .   .   .   .   .   
  |
5 | O   .   .   .   .   .   .   .   .   .   .   
  |
6 | .   .   .   .   .   .   .   .   .   .   .   
  |
7 | .   .   .   .   .   .   .   .   .   .   .   
  |
8 | .   .   .   .   .   .   .   .   .   .   .   
  |
9 | .   .   .   .   .   .   .   .   .   .   .   
  |
10| .   .   .   .   .   .   .   .   .   .   .   

Do you want to quit ? (y/n)
> ]]></system-out>

      <system-err><![CDATA[]]></system-err>

  </testsuite>
</testsuites>
