<?xml version="1.0" encoding="UTF-8" ?>
<testsuites>
  <testsuite errors="0" failures="0" hostname="ubuntu" id="0" name="TestComputer" package="test.model" skipped="0" tests="4" time="0.084" timestamp="2020-06-20T12:17:56">
      <properties>
[...]
</properties>

      <testcase classname="test.model.TestComputer" name="testToString" time="0.012" />

      <testcase classname="test.model.TestComputer" name="testGetDifficulty" time="0.0" />

      <testcase classname="test.model.TestComputer" name="testGetName" time="0.0" />

      <testcase classname="test.model.TestComputer" name="testExists" time="0.0" />

      <system-out><![CDATA[]]></system-out>

      <system-err><![CDATA[]]></system-err>

  </testsuite>
  <testsuite errors="0" failures="0" hostname="ubuntu" id="1" name="TestHuman" package="test.model" skipped="0" tests="3" time="0.083" timestamp="2020-06-20T12:17:57">
      <properties>
[...]
</properties>

      <testcase classname="test.model.TestHuman" name="testToString" time="0.011" />

      <testcase classname="test.model.TestHuman" name="testGetName" time="0.0" />

      <testcase classname="test.model.TestHuman" name="testExists" time="0.0" />

      <system-out><![CDATA[]]></system-out>

      <system-err><![CDATA[]]></system-err>

  </testsuite>
  <testsuite errors="0" failures="0" hostname="ubuntu" id="2" name="TestPawn" package="test.model" skipped="0" tests="4" time="0.087" timestamp="2020-06-20T12:17:57">
      <properties>
[...]
</properties>

      <testcase classname="test.model.TestPawn" name="testGetColor" time="0.001" />

      <testcase classname="test.model.TestPawn" name="testToString" time="0.011" />

      <testcase classname="test.model.TestPawn" name="testPostionGettersSetter" time="0.0" />

      <testcase classname="test.model.TestPawn" name="testExists" time="0.0" />

      <system-out><![CDATA[]]></system-out>

      <system-err><![CDATA[]]></system-err>

  </testsuite>
  <testsuite errors="0" failures="0" hostname="ubuntu" id="3" name="TestSquare" package="test.model" skipped="0" tests="5" time="0.083" timestamp="2020-06-20T12:17:57">
      <properties>
[...]
</properties>

      <testcase classname="test.model.TestSquare" name="testToString" time="0.008" />

      <testcase classname="test.model.TestSquare" name="testExists" time="0.0" />

      <testcase classname="test.model.TestSquare" name="testIsFree" time="0.0" />

      <testcase classname="test.model.TestSquare" name="testCoordinateGetters" time="0.0" />

      <testcase classname="test.model.TestSquare" name="testChangeState" time="0.001" />

      <system-out><![CDATA[]]></system-out>

      <system-err><![CDATA[]]></system-err>

  </testsuite>
</testsuites>
