<?xml version="1.0" encoding="UTF-8" ?>
<testsuites>
  <testsuite errors="0" failures="0" hostname="ubuntu" id="0" name="TestComputer" package="test.model" skipped="0" tests="4" time="0.139" timestamp="2020-06-16T08:45:11">
      <properties>
[...]
</properties>

      <testcase classname="test.model.TestComputer" name="testToString" time="0.012" />

      <testcase classname="test.model.TestComputer" name="testGetDifficulty" time="0.0" />

      <testcase classname="test.model.TestComputer" name="testGetName" time="0.0" />

      <testcase classname="test.model.TestComputer" name="testExists" time="0.0" />

      <system-out><![CDATA[]]></system-out>

      <system-err><![CDATA[]]></system-err>

  </testsuite>
  <testsuite errors="0" failures="2" hostname="ubuntu" id="1" name="TestGame" package="test.model" skipped="0" tests="6" time="0.103" timestamp="2020-06-16T08:45:11">
      <properties>
[...]
</properties>

      <testcase classname="test.model.TestGame" name="testIsMovePossible" time="0.016">
          <failure message="expected:&lt;false&gt; but was:&lt;true&gt;" type="junit.framework.AssertionFailedError">junit.framework.AssertionFailedError: expected:&lt;false&gt; but was:&lt;true&gt;
	at test.model.TestGame.testIsMovePossible(Unknown Source)
	at java.base/jdk.internal.reflect.NativeMethodAccessorImpl.invoke0(Native Method)
	at java.base/jdk.internal.reflect.NativeMethodAccessorImpl.invoke(NativeMethodAccessorImpl.java:62)
	at java.base/jdk.internal.reflect.DelegatingMethodAccessorImpl.invoke(DelegatingMethodAccessorImpl.java:43)
</failure>

      </testcase>

      <testcase classname="test.model.TestGame" name="testGetPawnOnSquare" time="0.002" />

      <testcase classname="test.model.TestGame" name="testRemovePawn" time="0.003">
          <failure message="expected:&lt;true&gt; but was:&lt;false&gt;" type="junit.framework.AssertionFailedError">junit.framework.AssertionFailedError: expected:&lt;true&gt; but was:&lt;false&gt;
	at test.model.TestGame.testRemovePawn(Unknown Source)
	at java.base/jdk.internal.reflect.NativeMethodAccessorImpl.invoke0(Native Method)
	at java.base/jdk.internal.reflect.NativeMethodAccessorImpl.invoke(NativeMethodAccessorImpl.java:62)
	at java.base/jdk.internal.reflect.DelegatingMethodAccessorImpl.invoke(DelegatingMethodAccessorImpl.java:43)
</failure>

      </testcase>

      <testcase classname="test.model.TestGame" name="testChangePlayer" time="0.002" />

      <testcase classname="test.model.TestGame" name="testExists" time="0.003" />

      <testcase classname="test.model.TestGame" name="testSizeGrid" time="0.002" />

      <system-out><![CDATA[  | 0   1   2   3   4   5   6   7   8   9   10
----------------------------------------------
0 | O   .   .   .   .   X   .   .   .   .   X   
  |
1 | .   .   .   .   O   .   O   .   .   .   .   
  |
2 | .   .   .   X   .   .   .   X   .   .   .   
  |
3 | .   .   O   .   .   .   .   .   O   .   .   
  |
4 | .   X   .   .   .   .   .   .   .   X   .   
  |
5 | O   .   .   .   .   Z   .   .   .   .   O   
  |
6 | .   X   .   .   .   .   .   .   .   X   .   
  |
7 | .   .   O   .   .   .   .   .   O   .   .   
  |
8 | .   .   .   X   .   .   .   X   .   .   .   
  |
9 | .   .   .   .   O   .   O   .   .   .   .   
  |
10| X   .   .   .   .   X   .   .   .   .   O   

  | 0   1   2   3   4   5   6   7   8   9   10
----------------------------------------------
0 | O   .   .   .   .   X   .   .   .   .   X   
  |
1 | .   .   .   .   O   .   O   .   .   .   .   
  |
2 | .   .   .   X   .   .   .   X   .   .   .   
  |
3 | .   .   O   .   .   .   .   .   O   .   .   
  |
4 | .   X   .   .   .   .   .   .   .   X   .   
  |
5 | O   .   .   .   .   Z   .   .   .   .   O   
  |
6 | .   X   .   .   .   .   .   .   .   X   .   
  |
7 | .   .   O   .   .   .   .   .   O   .   .   
  |
8 | .   .   .   X   .   .   .   X   .   .   .   
  |
9 | .   .   .   .   O   .   O   .   .   .   .   
  |
10| X   .   .   .   .   X   .   .   .   .   O   

  | 0   1   2   3   4   5   6   7   8   9   10
----------------------------------------------
0 | O   .   .   .   .   X   .   .   .   .   X   
  |
1 | .   .   .   .   O   .   O   .   .   .   .   
  |
2 | .   .   .   X   .   .   .   X   .   .   .   
  |
3 | .   .   O   .   .   .   .   .   O   .   .   
  |
4 | .   X   .   .   .   .   .   .   .   X   .   
  |
5 | O   .   .   .   .   Z   .   .   .   .   O   
  |
6 | .   X   .   .   .   .   .   .   .   X   .   
  |
7 | .   .   O   .   .   .   .   .   O   .   .   
  |
8 | .   .   .   X   .   .   .   X   .   .   .   
  |
9 | .   .   .   .   O   .   O   .   .   .   .   
  |
10| X   .   .   .   .   X   .   .   .   .   O   

false
true
  | 0   1   2   3   4   5   6   7   8   9   10
----------------------------------------------
0 | O   .   .   .   .   X   .   .   .   .   X   
  |
1 | .   .   .   .   O   .   O   .   .   .   .   
  |
2 | .   .   .   X   .   .   .   X   .   .   .   
  |
3 | .   .   O   .   .   .   .   .   O   .   .   
  |
4 | .   X   .   .   .   .   .   .   .   X   .   
  |
5 | O   .   .   .   .   Z   .   .   .   .   O   
  |
6 | .   X   .   .   .   .   .   .   .   X   .   
  |
7 | .   .   O   .   .   .   .   .   O   .   .   
  |
8 | .   .   .   X   .   .   .   X   .   .   .   
  |
9 | .   .   .   .   O   .   O   .   .   .   .   
  |
10| X   .   .   .   .   X   .   .   .   .   O   

  | 0   1   2   3   4   5   6   7   8   9   10
----------------------------------------------
0 | O   .   .   .   .   X   .   .   .   .   X   
  |
1 | .   .   .   .   O   .   O   .   .   .   .   
  |
2 | .   .   .   X   .   .   .   X   .   .   .   
  |
3 | .   .   O   .   .   .   .   .   O   .   .   
  |
4 | .   X   .   .   .   .   .   .   .   X   .   
  |
5 | O   .   .   .   .   Z   .   .   .   .   O   
  |
6 | .   X   .   .   .   .   .   .   .   X   .   
  |
7 | .   .   O   .   .   .   .   .   O   .   .   
  |
8 | .   .   .   X   .   .   .   X   .   .   .   
  |
9 | .   .   .   .   O   .   O   .   .   .   .   
  |
10| X   .   .   .   .   X   .   .   .   .   O   

  | 0   1   2   3   4   5   6   7   8   9   10
----------------------------------------------
0 | O   .   .   .   .   X   .   .   .   .   X   
  |
1 | .   .   .   .   O   .   O   .   .   .   .   
  |
2 | .   .   .   X   .   .   .   X   .   .   .   
  |
3 | .   .   O   .   .   .   .   .   O   .   .   
  |
4 | .   X   .   .   .   .   .   .   .   X   .   
  |
5 | O   .   .   .   .   Z   .   .   .   .   O   
  |
6 | .   X   .   .   .   .   .   .   .   X   .   
  |
7 | .   .   O   .   .   .   .   .   O   .   .   
  |
8 | .   .   .   X   .   .   .   X   .   .   .   
  |
9 | .   .   .   .   O   .   O   .   .   .   .   
  |
10| X   .   .   .   .   X   .   .   .   .   O   

  | 0   1   2   3   4   5   6   7   8   9   10
----------------------------------------------
0 | O   .   .   .   .   X   .   .   .   .   X   
  |
1 | .   .   .   .   O   .   O   .   .   .   .   
  |
2 | .   .   .   X   .   .   .   X   .   .   .   
  |
3 | .   .   O   .   .   .   .   .   O   .   .   
  |
4 | .   X   .   .   .   .   .   .   .   X   .   
  |
5 | O   .   .   .   .   Z   .   .   .   .   O   
  |
6 | .   X   .   .   .   .   .   .   .   X   .   
  |
7 | .   .   O   .   .   .   .   .   O   .   .   
  |
8 | .   .   .   X   .   .   .   X   .   .   .   
  |
9 | .   .   .   .   O   .   O   .   .   .   .   
  |
10| X   .   .   .   .   X   .   .   .   .   O   

]]></system-out>

      <system-err><![CDATA[]]></system-err>

  </testsuite>
  <testsuite errors="0" failures="0" hostname="ubuntu" id="2" name="TestHuman" package="test.model" skipped="0" tests="3" time="0.084" timestamp="2020-06-16T08:45:12">
      <properties>
[...]
</properties>

      <testcase classname="test.model.TestHuman" name="testToString" time="0.011" />

      <testcase classname="test.model.TestHuman" name="testGetName" time="0.0" />

      <testcase classname="test.model.TestHuman" name="testExists" time="0.0" />

      <system-out><![CDATA[]]></system-out>

      <system-err><![CDATA[]]></system-err>

  </testsuite>
  <testsuite errors="0" failures="0" hostname="ubuntu" id="3" name="TestPawn" package="test.model" skipped="0" tests="4" time="0.087" timestamp="2020-06-16T08:45:12">
      <properties>
[...]
</properties>

      <testcase classname="test.model.TestPawn" name="testGetColor" time="0.001" />

      <testcase classname="test.model.TestPawn" name="testToString" time="0.012" />

      <testcase classname="test.model.TestPawn" name="testPostionGettersSetter" time="0.0" />

      <testcase classname="test.model.TestPawn" name="testExists" time="0.0" />

      <system-out><![CDATA[]]></system-out>

      <system-err><![CDATA[]]></system-err>

  </testsuite>
  <testsuite errors="0" failures="0" hostname="ubuntu" id="4" name="TestSquare" package="test.model" skipped="0" tests="5" time="0.083" timestamp="2020-06-16T08:45:12">
      <properties>
[...]
</properties>

      <testcase classname="test.model.TestSquare" name="testToString" time="0.008" />

      <testcase classname="test.model.TestSquare" name="testExists" time="0.001" />

      <testcase classname="test.model.TestSquare" name="testIsFree" time="0.0" />

      <testcase classname="test.model.TestSquare" name="testCoordinateGetters" time="0.0" />

      <testcase classname="test.model.TestSquare" name="testChangeState" time="0.0" />

      <system-out><![CDATA[]]></system-out>

      <system-err><![CDATA[]]></system-err>

  </testsuite>
  <testsuite errors="0" failures="1" hostname="ubuntu" id="5" name="TestSave" package="test.util" skipped="0" tests="1" time="0.11" timestamp="2020-06-16T08:45:12">
      <properties>
[...]
</properties>

      <testcase classname="test.util.TestSave" name="testSaveLoad" time="0.038">
          <failure message="expected:&lt;model.Game@204f30ec&gt; but was:&lt;model.Game@6895a785&gt;" type="junit.framework.AssertionFailedError">junit.framework.AssertionFailedError: expected:&lt;model.Game@204f30ec&gt; but was:&lt;model.Game@6895a785&gt;
	at test.util.TestSave.testSaveLoad(Unknown Source)
	at java.base/jdk.internal.reflect.NativeMethodAccessorImpl.invoke0(Native Method)
	at java.base/jdk.internal.reflect.NativeMethodAccessorImpl.invoke(NativeMethodAccessorImpl.java:62)
	at java.base/jdk.internal.reflect.DelegatingMethodAccessorImpl.invoke(DelegatingMethodAccessorImpl.java:43)
</failure>

      </testcase>

      <system-out><![CDATA[  | 0   1   2   3   4   5   6   7   8   9   10
----------------------------------------------
0 | O   .   .   .   .   X   .   .   .   .   X   
  |
1 | .   .   .   .   O   .   O   .   .   .   .   
  |
2 | .   .   .   X   .   .   .   X   .   .   .   
  |
3 | .   .   O   .   .   .   .   .   O   .   .   
  |
4 | .   X   .   .   .   .   .   .   .   X   .   
  |
5 | O   .   .   .   .   Z   .   .   .   .   O   
  |
6 | .   X   .   .   .   .   .   .   .   X   .   
  |
7 | .   .   O   .   .   .   .   .   O   .   .   
  |
8 | .   .   .   X   .   .   .   X   .   .   .   
  |
9 | .   .   .   .   O   .   O   .   .   .   .   
  |
10| X   .   .   .   .   X   .   .   .   .   O   

]]></system-out>

      <system-err><![CDATA[]]></system-err>

  </testsuite>
</testsuites>
